<?xml version="1.0" encoding="UTF-8"?>
<!-- Generated by org.testng.reporters.JUnitXMLReporter -->
<testsuite ignored="1" hostname="DESKTOP-JNSGUR0" failures="0" tests="1" name="Default test" time="0.078" errors="0" timestamp="2021-12-15T08:42:31 IST">
  <testcase classname="qapractice.mavenselenium.SeleniumTest" name="BrowserTest" time="0.015"/>
  <testcase classname="qapractice.mavenselenium.SeleniumTest" name="URLTest" time="0.0">
    <ignored/>
  </testcase> <!-- URLTest -->
</testsuite> <!-- Default test -->
