<?xml version="1.0" encoding="UTF-8"?>
<!-- Generated by org.testng.reporters.JUnitXMLReporter -->
<testsuite ignored="0" hostname="DESKTOP-JNSGUR0" failures="0" tests="6" name="Test" time="0.095" errors="0" timestamp="2021-12-15T10:16:41 IST">
  <testcase classname="qapractice.mavenselenium.AppiumTest" name="IOSTest" time="0.011"/>
  <testcase classname="qapractice.mavenselenium.AppiumTest" name="NativeAppAndroid" time="0.0"/>
  <testcase classname="qapractice.mavenselenium.SeleniumTest" name="BrowserTest" time="0.0"/>
  <testcase classname="qapractice.mavenselenium.SeleniumTest" name="URLTest" time="0.0"/>
  <testcase classname="qapractice.mavenselenium.RESTAPITest" name="PostJira" time="0.001"/>
  <testcase classname="qapractice.mavenselenium.RESTAPITest" name="deleteTwitter" time="0.0"/>
</testsuite> <!-- Test -->
