<?xml version="1.0" encoding="UTF-8"?>
<testng-results ignored="0" total="6" passed="6" failed="0" skipped="0">
  <reporter-output>
  </reporter-output>
  <suite started-at="2021-12-15T10:16:40 IST" name="Suite" finished-at="2021-12-15T10:16:40 IST" duration-ms="95">
    <groups>
    </groups>
    <test started-at="2021-12-15T10:16:40 IST" name="Test" finished-at="2021-12-15T10:16:40 IST" duration-ms="95">
      <class name="qapractice.mavenselenium.SeleniumTest">
        <test-method signature="BrowserTest()[pri:0, instance:qapractice.mavenselenium.SeleniumTest@1e683a3e]" started-at="2021-12-15T10:16:40 IST" name="BrowserTest" finished-at="2021-12-15T10:16:40 IST" duration-ms="0" status="PASS">
          <reporter-output>
          </reporter-output>
        </test-method> <!-- BrowserTest -->
        <test-method signature="URLTest()[pri:0, instance:qapractice.mavenselenium.SeleniumTest@1e683a3e]" started-at="2021-12-15T10:16:40 IST" name="URLTest" finished-at="2021-12-15T10:16:40 IST" duration-ms="0" status="PASS">
          <reporter-output>
          </reporter-output>
        </test-method> <!-- URLTest -->
      </class> <!-- qapractice.mavenselenium.SeleniumTest -->
      <class name="qapractice.mavenselenium.AppiumTest">
        <test-method signature="IOSTest()[pri:0, instance:qapractice.mavenselenium.AppiumTest@50ad3bc1]" started-at="2021-12-15T10:16:40 IST" name="IOSTest" finished-at="2021-12-15T10:16:40 IST" duration-ms="11" status="PASS">
          <reporter-output>
          </reporter-output>
        </test-method> <!-- IOSTest -->
        <test-method signature="NativeAppAndroid()[pri:0, instance:qapractice.mavenselenium.AppiumTest@50ad3bc1]" started-at="2021-12-15T10:16:40 IST" name="NativeAppAndroid" finished-at="2021-12-15T10:16:40 IST" duration-ms="0" status="PASS">
          <reporter-output>
          </reporter-output>
        </test-method> <!-- NativeAppAndroid -->
      </class> <!-- qapractice.mavenselenium.AppiumTest -->
      <class name="qapractice.mavenselenium.RESTAPITest">
        <test-method signature="PostJira()[pri:0, instance:qapractice.mavenselenium.RESTAPITest@2053d869]" started-at="2021-12-15T10:16:40 IST" name="PostJira" finished-at="2021-12-15T10:16:40 IST" duration-ms="1" status="PASS">
          <reporter-output>
          </reporter-output>
        </test-method> <!-- PostJira -->
        <test-method signature="deleteTwitter()[pri:0, instance:qapractice.mavenselenium.RESTAPITest@2053d869]" started-at="2021-12-15T10:16:40 IST" name="deleteTwitter" finished-at="2021-12-15T10:16:40 IST" duration-ms="0" status="PASS">
          <reporter-output>
          </reporter-output>
        </test-method> <!-- deleteTwitter -->
      </class> <!-- qapractice.mavenselenium.RESTAPITest -->
    </test> <!-- Test -->
  </suite> <!-- Suite -->
</testng-results>
