<?xml version="1.0" encoding="UTF-8"?>
<testng-results ignored="1" total="2" passed="1" failed="0" skipped="0">
  <reporter-output>
  </reporter-output>
  <suite started-at="2021-12-15T08:42:31 IST" name="Default suite" finished-at="2021-12-15T08:42:31 IST" duration-ms="78">
    <groups>
    </groups>
    <test started-at="2021-12-15T08:42:31 IST" name="Default test" finished-at="2021-12-15T08:42:31 IST" duration-ms="78">
      <class name="qapractice.mavenselenium.SeleniumTest">
        <test-method signature="BrowserTest()[pri:0, instance:qapractice.mavenselenium.SeleniumTest@65f095f8]" started-at="2021-12-15T08:42:31 IST" name="BrowserTest" finished-at="2021-12-15T08:42:31 IST" duration-ms="15" status="PASS">
          <reporter-output>
          </reporter-output>
        </test-method> <!-- BrowserTest -->
      </class> <!-- qapractice.mavenselenium.SeleniumTest -->
    </test> <!-- Default test -->
  </suite> <!-- Default suite -->
</testng-results>
